2025-05-31 19:29:28,104 - INFO - Starting Flask application
2025-05-31 19:29:28,482 - INFO - [31m[1mWARNING: This is a development server. Do not use it in a production deployment. Use a production WSGI server instead.[0m
 * Running on http://127.0.0.1:5000
2025-05-31 19:29:28,483 - INFO - [33mPress CTRL+C to quit[0m
2025-05-31 19:29:28,485 - INFO -  * Restarting with stat
2025-05-31 19:29:28,930 - INFO - Starting Flask application
2025-05-31 19:29:28,961 - WARNING -  * Debugger is active!
2025-05-31 19:29:28,966 - INFO -  * Debugger PIN: 450-507-256
2025-05-31 19:30:34,797 - INFO - 127.0.0.1 - - [31/May/2025 19:30:34] "GET / HTTP/1.1" 200 -
2025-05-31 19:30:34,855 - INFO - 127.0.0.1 - - [31/May/2025 19:30:34] "[33mGET /css/style.css HTTP/1.1[0m" 404 -
2025-05-31 19:30:34,896 - INFO - 127.0.0.1 - - [31/May/2025 19:30:34] "[33mGET /images/logo.png HTTP/1.1[0m" 404 -
2025-05-31 19:30:34,915 - INFO - 127.0.0.1 - - [31/May/2025 19:30:34] "[33mGET /js/feedback.js HTTP/1.1[0m" 404 -
2025-05-31 19:30:35,650 - INFO - 127.0.0.1 - - [31/May/2025 19:30:35] "[33mGET /css/mobile.css HTTP/1.1[0m" 404 -
2025-05-31 19:30:36,070 - DEBUG - Getting feedback list
2025-05-31 19:30:36,071 - DEBUG - Connecting to database at: C:\Users\denis\Desktop\denis\database.db
2025-05-31 19:30:36,079 - DEBUG - Found 1 feedbacks
2025-05-31 19:30:36,119 - INFO - 127.0.0.1 - - [31/May/2025 19:30:36] "GET /api/feedback HTTP/1.1" 200 -
2025-05-31 19:30:37,117 - INFO - 127.0.0.1 - - [31/May/2025 19:30:37] "[33mGET /favicon.ico HTTP/1.1[0m" 404 -
2025-05-31 19:31:07,442 - ERROR - General error: 415 Unsupported Media Type: Did not attempt to load JSON data because the request Content-Type was not 'application/json'.
2025-05-31 19:31:07,443 - INFO - 127.0.0.1 - - [31/May/2025 19:31:07] "[35m[1mPOST /api/feedback HTTP/1.1[0m" 500 -
2025-05-31 19:35:32,475 - INFO - Starting Flask application
2025-05-31 19:35:32,534 - INFO - [31m[1mWARNING: This is a development server. Do not use it in a production deployment. Use a production WSGI server instead.[0m
 * Running on http://127.0.0.1:5000
2025-05-31 19:35:32,534 - INFO - [33mPress CTRL+C to quit[0m
2025-05-31 19:35:32,537 - INFO -  * Restarting with stat
2025-05-31 19:35:33,012 - INFO - Starting Flask application
2025-05-31 19:35:33,048 - WARNING -  * Debugger is active!
2025-05-31 19:35:33,054 - INFO -  * Debugger PIN: 450-507-256
2025-05-31 19:35:44,208 - INFO - 127.0.0.1 - - [31/May/2025 19:35:44] "GET / HTTP/1.1" 200 -
2025-05-31 19:35:44,253 - INFO - 127.0.0.1 - - [31/May/2025 19:35:44] "[33mGET /css/style.css HTTP/1.1[0m" 404 -
2025-05-31 19:35:44,263 - INFO - 127.0.0.1 - - [31/May/2025 19:35:44] "[33mGET /images/logo.png HTTP/1.1[0m" 404 -
2025-05-31 19:35:44,268 - INFO - 127.0.0.1 - - [31/May/2025 19:35:44] "[33mGET /js/feedback.js HTTP/1.1[0m" 404 -
2025-05-31 19:35:44,300 - INFO - 127.0.0.1 - - [31/May/2025 19:35:44] "[33mGET /css/mobile.css HTTP/1.1[0m" 404 -
2025-05-31 19:36:04,801 - INFO - 127.0.0.1 - - [31/May/2025 19:36:04] "GET /?name=Денис&email=denisdubrovin622@gmail.com&rating=0&message=все+круто+очень HTTP/1.1" 200 -
2025-05-31 19:36:04,839 - INFO - 127.0.0.1 - - [31/May/2025 19:36:04] "[33mGET /css/style.css HTTP/1.1[0m" 404 -
2025-05-31 19:36:04,856 - INFO - 127.0.0.1 - - [31/May/2025 19:36:04] "[33mGET /images/logo.png HTTP/1.1[0m" 404 -
2025-05-31 19:36:04,858 - INFO - 127.0.0.1 - - [31/May/2025 19:36:04] "[33mGET /js/feedback.js HTTP/1.1[0m" 404 -
2025-05-31 19:36:04,859 - INFO - 127.0.0.1 - - [31/May/2025 19:36:04] "[33mGET /css/mobile.css HTTP/1.1[0m" 404 -
2025-05-31 19:36:54,255 - INFO - 127.0.0.1 - - [31/May/2025 19:36:54] "[33mGET /feedback.html HTTP/1.1[0m" 404 -
2025-05-31 19:36:54,361 - INFO - 127.0.0.1 - - [31/May/2025 19:36:54] "[33mGET /favicon.ico HTTP/1.1[0m" 404 -
2025-05-31 19:36:56,628 - INFO - 127.0.0.1 - - [31/May/2025 19:36:56] "[33mGET /feedback.html HTTP/1.1[0m" 404 -
2025-05-31 19:36:57,428 - INFO - 127.0.0.1 - - [31/May/2025 19:36:57] "[33mGET /feedback.html HTTP/1.1[0m" 404 -
2025-05-31 19:36:57,737 - INFO - 127.0.0.1 - - [31/May/2025 19:36:57] "[33mGET /feedback.html HTTP/1.1[0m" 404 -
2025-05-31 19:36:57,805 - INFO - 127.0.0.1 - - [31/May/2025 19:36:57] "[33mGET /feedback.html HTTP/1.1[0m" 404 -
2025-05-31 19:37:05,070 - INFO - 127.0.0.1 - - [31/May/2025 19:37:05] "[36mGET /?name=Денис&email=denisdubrovin622@gmail.com&rating=0&message=все+круто+очень HTTP/1.1[0m" 304 -
2025-05-31 19:37:05,104 - INFO - 127.0.0.1 - - [31/May/2025 19:37:05] "[33mGET /css/style.css HTTP/1.1[0m" 404 -
2025-05-31 19:37:05,108 - INFO - 127.0.0.1 - - [31/May/2025 19:37:05] "[33mGET /images/logo.png HTTP/1.1[0m" 404 -
2025-05-31 19:37:05,111 - INFO - 127.0.0.1 - - [31/May/2025 19:37:05] "[33mGET /js/feedback.js HTTP/1.1[0m" 404 -
2025-05-31 19:37:05,112 - INFO - 127.0.0.1 - - [31/May/2025 19:37:05] "[33mGET /css/mobile.css HTTP/1.1[0m" 404 -
2025-05-31 19:37:22,998 - INFO - 127.0.0.1 - - [31/May/2025 19:37:22] "[33mGET /css/style.css HTTP/1.1[0m" 404 -
2025-05-31 19:37:22,999 - INFO - 127.0.0.1 - - [31/May/2025 19:37:22] "[33mGET /css/mobile.css HTTP/1.1[0m" 404 -
2025-05-31 19:37:23,017 - INFO - 127.0.0.1 - - [31/May/2025 19:37:23] "[33mGET /.well-known/appspecific/com.chrome.devtools.json HTTP/1.1[0m" 404 -
2025-05-31 19:38:33,796 - INFO -  * Detected change in 'C:\\Users\\denis\\Desktop\\denis\\check_tables.py', reloading
2025-05-31 19:38:33,853 - INFO -  * Restarting with stat
2025-05-31 19:38:33,966 - INFO -  * Detected change in 'C:\\Users\\denis\\Desktop\\denis\\check_tables.py', reloading
2025-05-31 19:38:34,028 - INFO -  * Restarting with stat
2025-05-31 19:38:34,326 - INFO - Starting Flask application
2025-05-31 19:38:34,359 - WARNING -  * Debugger is active!
2025-05-31 19:38:34,365 - INFO -  * Debugger PIN: 450-507-256
2025-05-31 19:38:34,463 - INFO - Starting Flask application
2025-05-31 19:38:34,498 - WARNING -  * Debugger is active!
2025-05-31 19:38:34,503 - INFO -  * Debugger PIN: 450-507-256
2025-05-31 19:39:02,297 - INFO -  * Detected change in 'C:\\Users\\denis\\Desktop\\denis\\app.py', reloading
2025-05-31 19:39:02,359 - INFO -  * Restarting with stat
2025-05-31 19:39:02,421 - INFO -  * Detected change in 'C:\\Users\\denis\\Desktop\\denis\\app.py', reloading
2025-05-31 19:39:02,489 - INFO -  * Restarting with stat
2025-05-31 19:39:02,800 - INFO - Запуск Flask приложения
2025-05-31 19:39:02,831 - WARNING -  * Debugger is active!
2025-05-31 19:39:02,837 - INFO -  * Debugger PIN: 450-507-256
2025-05-31 19:39:02,910 - INFO - Запуск Flask приложения
2025-05-31 19:39:02,943 - WARNING -  * Debugger is active!
2025-05-31 19:39:02,948 - INFO -  * Debugger PIN: 450-507-256
2025-05-31 19:39:31,382 - INFO - Запуск Flask приложения
2025-05-31 19:39:31,434 - INFO - [31m[1mWARNING: This is a development server. Do not use it in a production deployment. Use a production WSGI server instead.[0m
 * Running on http://127.0.0.1:5000
2025-05-31 19:39:31,434 - INFO - [33mPress CTRL+C to quit[0m
2025-05-31 19:39:31,437 - INFO -  * Restarting with stat
2025-05-31 19:39:31,872 - INFO - Запуск Flask приложения
2025-05-31 19:39:31,906 - WARNING -  * Debugger is active!
2025-05-31 19:39:31,912 - INFO -  * Debugger PIN: 450-507-256
2025-05-31 19:39:48,349 - INFO - 127.0.0.1 - - [31/May/2025 19:39:48] "[36mGET / HTTP/1.1[0m" 304 -
2025-05-31 19:39:48,383 - INFO - 127.0.0.1 - - [31/May/2025 19:39:48] "[33mGET /css/style.css HTTP/1.1[0m" 404 -
2025-05-31 19:39:48,386 - INFO - 127.0.0.1 - - [31/May/2025 19:39:48] "[33mGET /images/logo.png HTTP/1.1[0m" 404 -
2025-05-31 19:39:48,388 - INFO - 127.0.0.1 - - [31/May/2025 19:39:48] "[33mGET /js/feedback.js HTTP/1.1[0m" 404 -
2025-05-31 19:39:48,408 - INFO - 127.0.0.1 - - [31/May/2025 19:39:48] "[33mGET /css/mobile.css HTTP/1.1[0m" 404 -
2025-05-31 19:40:03,550 - INFO - 127.0.0.1 - - [31/May/2025 19:40:03] "GET /?name=Денис&email=denisdubrovin622@gmail.com&rating=0&message=Детейлинг+просто+офигеннный HTTP/1.1" 200 -
2025-05-31 19:40:03,589 - INFO - 127.0.0.1 - - [31/May/2025 19:40:03] "[33mGET /css/style.css HTTP/1.1[0m" 404 -
2025-05-31 19:40:03,598 - INFO - 127.0.0.1 - - [31/May/2025 19:40:03] "[33mGET /images/logo.png HTTP/1.1[0m" 404 -
2025-05-31 19:40:03,600 - INFO - 127.0.0.1 - - [31/May/2025 19:40:03] "[33mGET /js/feedback.js HTTP/1.1[0m" 404 -
2025-05-31 19:40:03,602 - INFO - 127.0.0.1 - - [31/May/2025 19:40:03] "[33mGET /css/mobile.css HTTP/1.1[0m" 404 -
2025-05-31 19:40:45,068 - INFO - 127.0.0.1 - - [31/May/2025 19:40:45] "[33mGET /feedback.html HTTP/1.1[0m" 404 -
2025-05-31 19:43:20,941 - INFO -  * Detected change in 'C:\\Users\\denis\\Desktop\\denis\\app.py', reloading
2025-05-31 19:43:21,014 - INFO -  * Restarting with stat
2025-05-31 19:43:21,529 - INFO - Запуск Flask приложения
2025-05-31 19:43:21,568 - WARNING -  * Debugger is active!
2025-05-31 19:43:21,574 - INFO -  * Debugger PIN: 450-507-256
2025-05-31 19:43:21,704 - INFO -  * Detected change in 'C:\\Users\\denis\\Desktop\\denis\\app.py', reloading
2025-05-31 19:43:21,705 - INFO -  * Detected change in 'C:\\Users\\denis\\Desktop\\denis\\app.py', reloading
2025-05-31 19:43:21,772 - INFO -  * Restarting with stat
2025-05-31 19:43:21,788 - INFO -  * Restarting with stat
2025-05-31 19:43:22,241 - INFO - Запуск Flask приложения
2025-05-31 19:43:22,249 - INFO - Запуск Flask приложения
2025-05-31 19:43:22,278 - WARNING -  * Debugger is active!
2025-05-31 19:43:22,283 - INFO -  * Debugger PIN: 450-507-256
2025-05-31 19:43:22,284 - WARNING -  * Debugger is active!
2025-05-31 19:43:22,291 - INFO -  * Debugger PIN: 450-507-256
2025-05-31 19:46:32,381 - INFO - 127.0.0.1 - - [31/May/2025 19:46:32] "GET / HTTP/1.1" 200 -
2025-05-31 19:46:32,421 - INFO - 127.0.0.1 - - [31/May/2025 19:46:32] "GET /css/style.css HTTP/1.1" 200 -
2025-05-31 19:46:32,551 - INFO - 127.0.0.1 - - [31/May/2025 19:46:32] "GET /css/mobile.css HTTP/1.1" 200 -
2025-05-31 19:46:32,893 - DEBUG - Запрос на получение списка отзывов
2025-05-31 19:46:32,894 - DEBUG - Подключение к базе данных: C:\Users\denis\Desktop\denis\database.db
2025-05-31 19:46:32,897 - DEBUG - Найдено отзывов: 1
2025-05-31 19:46:32,897 - ERROR - Ошибка при получении отзывов: _feedback_list.html
2025-05-31 19:46:32,952 - ERROR - Traceback: Traceback (most recent call last):
  File "C:\Users\denis\Desktop\denis\app.py", line 131, in get_feedbacks
    return render_template('_feedback_list.html', feedbacks=feedbacks)
  File "C:\Users\denis\AppData\Local\Programs\Python\Python313\Lib\site-packages\flask\templating.py", line 151, in render_template
    template = app.jinja_env.get_or_select_template(template_name_or_list)
  File "C:\Users\denis\AppData\Local\Programs\Python\Python313\Lib\site-packages\jinja2\environment.py", line 1087, in get_or_select_template
    return self.get_template(template_name_or_list, parent, globals)
           ~~~~~~~~~~~~~~~~~^^^^^^^^^^^^^^^^^^^^^^^^^^^^^^^^^^^^^^^^
  File "C:\Users\denis\AppData\Local\Programs\Python\Python313\Lib\site-packages\jinja2\environment.py", line 1016, in get_template
    return self._load_template(name, globals)
           ~~~~~~~~~~~~~~~~~~~^^^^^^^^^^^^^^^
  File "C:\Users\denis\AppData\Local\Programs\Python\Python313\Lib\site-packages\jinja2\environment.py", line 975, in _load_template
    template = self.loader.load(self, name, self.make_globals(globals))
  File "C:\Users\denis\AppData\Local\Programs\Python\Python313\Lib\site-packages\jinja2\loaders.py", line 126, in load
    source, filename, uptodate = self.get_source(environment, name)
                                 ~~~~~~~~~~~~~~~^^^^^^^^^^^^^^^^^^^
  File "C:\Users\denis\AppData\Local\Programs\Python\Python313\Lib\site-packages\flask\templating.py", line 65, in get_source
    return self._get_source_fast(environment, template)
           ~~~~~~~~~~~~~~~~~~~~~^^^^^^^^^^^^^^^^^^^^^^^
  File "C:\Users\denis\AppData\Local\Programs\Python\Python313\Lib\site-packages\flask\templating.py", line 99, in _get_source_fast
    raise TemplateNotFound(template)
jinja2.exceptions.TemplateNotFound: _feedback_list.html

2025-05-31 19:46:32,958 - INFO - 127.0.0.1 - - [31/May/2025 19:46:32] "[35m[1mGET /api/feedback HTTP/1.1[0m" 500 -
2025-05-31 19:46:57,345 - DEBUG - Получены данные отзыва: {'name': 'Денис', 'email': 'denisdubrovin622@gmail.com', 'rating': 5, 'message': 'Все просто прекрасно '}
2025-05-31 19:46:57,345 - DEBUG - Подключение к базе данных: C:\Users\denis\Desktop\denis\database.db
2025-05-31 19:46:57,346 - DEBUG - Создание нового клиента с email: denisdubrovin622@gmail.com
2025-05-31 19:46:57,348 - DEBUG - Создан новый клиент с ID: 2
2025-05-31 19:46:57,349 - DEBUG - Добавление отзыва в базу данных
2025-05-31 19:46:57,353 - DEBUG - Создан новый отзыв с ID: 2
2025-05-31 19:46:57,354 - DEBUG - Получен отзыв для отображения: {'feedback_id': 2, 'customer_id': 2, 'service_id': None, 'rating': 5, 'message': 'Все просто прекрасно ', 'created_at': '2025-05-31T19:46:57.349619', 'status': 'approved', 'is_anonymous': 0, 'customer_name': 'Денис'}
2025-05-31 19:46:57,355 - ERROR - Ошибка базы данных: _feedback_item.html
2025-05-31 19:46:57,357 - ERROR - Traceback: Traceback (most recent call last):
  File "C:\Users\denis\Desktop\denis\app.py", line 102, in submit_feedback
    return render_template('_feedback_item.html', feedback=feedback)
  File "C:\Users\denis\AppData\Local\Programs\Python\Python313\Lib\site-packages\flask\templating.py", line 151, in render_template
    template = app.jinja_env.get_or_select_template(template_name_or_list)
  File "C:\Users\denis\AppData\Local\Programs\Python\Python313\Lib\site-packages\jinja2\environment.py", line 1087, in get_or_select_template
    return self.get_template(template_name_or_list, parent, globals)
           ~~~~~~~~~~~~~~~~~^^^^^^^^^^^^^^^^^^^^^^^^^^^^^^^^^^^^^^^^
  File "C:\Users\denis\AppData\Local\Programs\Python\Python313\Lib\site-packages\jinja2\environment.py", line 1016, in get_template
    return self._load_template(name, globals)
           ~~~~~~~~~~~~~~~~~~~^^^^^^^^^^^^^^^
  File "C:\Users\denis\AppData\Local\Programs\Python\Python313\Lib\site-packages\jinja2\environment.py", line 975, in _load_template
    template = self.loader.load(self, name, self.make_globals(globals))
  File "C:\Users\denis\AppData\Local\Programs\Python\Python313\Lib\site-packages\jinja2\loaders.py", line 126, in load
    source, filename, uptodate = self.get_source(environment, name)
                                 ~~~~~~~~~~~~~~~^^^^^^^^^^^^^^^^^^^
  File "C:\Users\denis\AppData\Local\Programs\Python\Python313\Lib\site-packages\flask\templating.py", line 65, in get_source
    return self._get_source_fast(environment, template)
           ~~~~~~~~~~~~~~~~~~~~~^^^^^^^^^^^^^^^^^^^^^^^
  File "C:\Users\denis\AppData\Local\Programs\Python\Python313\Lib\site-packages\flask\templating.py", line 99, in _get_source_fast
    raise TemplateNotFound(template)
jinja2.exceptions.TemplateNotFound: _feedback_item.html

2025-05-31 19:46:57,361 - INFO - 127.0.0.1 - - [31/May/2025 19:46:57] "[31m[1mPOST /api/feedback HTTP/1.1[0m" 400 -
2025-05-31 19:47:03,673 - DEBUG - Получены данные отзыва: {'name': 'Денис', 'email': 'denisdubrovin622@gmail.com', 'rating': 5, 'message': 'Все просто прекрасно '}
2025-05-31 19:47:03,674 - DEBUG - Подключение к базе данных: C:\Users\denis\Desktop\denis\database.db
2025-05-31 19:47:03,677 - DEBUG - Создание нового клиента с email: denisdubrovin622@gmail.com
2025-05-31 19:47:03,681 - DEBUG - Создан новый клиент с ID: 3
2025-05-31 19:47:03,682 - DEBUG - Добавление отзыва в базу данных
2025-05-31 19:47:03,685 - DEBUG - Создан новый отзыв с ID: 3
2025-05-31 19:47:03,686 - DEBUG - Получен отзыв для отображения: {'feedback_id': 3, 'customer_id': 3, 'service_id': None, 'rating': 5, 'message': 'Все просто прекрасно ', 'created_at': '2025-05-31T19:47:03.682886', 'status': 'approved', 'is_anonymous': 0, 'customer_name': 'Денис'}
2025-05-31 19:47:03,687 - ERROR - Ошибка базы данных: _feedback_item.html
2025-05-31 19:47:03,689 - ERROR - Traceback: Traceback (most recent call last):
  File "C:\Users\denis\Desktop\denis\app.py", line 102, in submit_feedback
    return render_template('_feedback_item.html', feedback=feedback)
  File "C:\Users\denis\AppData\Local\Programs\Python\Python313\Lib\site-packages\flask\templating.py", line 151, in render_template
    template = app.jinja_env.get_or_select_template(template_name_or_list)
  File "C:\Users\denis\AppData\Local\Programs\Python\Python313\Lib\site-packages\jinja2\environment.py", line 1087, in get_or_select_template
    return self.get_template(template_name_or_list, parent, globals)
           ~~~~~~~~~~~~~~~~~^^^^^^^^^^^^^^^^^^^^^^^^^^^^^^^^^^^^^^^^
  File "C:\Users\denis\AppData\Local\Programs\Python\Python313\Lib\site-packages\jinja2\environment.py", line 1016, in get_template
    return self._load_template(name, globals)
           ~~~~~~~~~~~~~~~~~~~^^^^^^^^^^^^^^^
  File "C:\Users\denis\AppData\Local\Programs\Python\Python313\Lib\site-packages\jinja2\environment.py", line 975, in _load_template
    template = self.loader.load(self, name, self.make_globals(globals))
  File "C:\Users\denis\AppData\Local\Programs\Python\Python313\Lib\site-packages\jinja2\loaders.py", line 126, in load
    source, filename, uptodate = self.get_source(environment, name)
                                 ~~~~~~~~~~~~~~~^^^^^^^^^^^^^^^^^^^
  File "C:\Users\denis\AppData\Local\Programs\Python\Python313\Lib\site-packages\flask\templating.py", line 65, in get_source
    return self._get_source_fast(environment, template)
           ~~~~~~~~~~~~~~~~~~~~~^^^^^^^^^^^^^^^^^^^^^^^
  File "C:\Users\denis\AppData\Local\Programs\Python\Python313\Lib\site-packages\flask\templating.py", line 99, in _get_source_fast
    raise TemplateNotFound(template)
jinja2.exceptions.TemplateNotFound: _feedback_item.html

2025-05-31 19:47:03,694 - INFO - 127.0.0.1 - - [31/May/2025 19:47:03] "[31m[1mPOST /api/feedback HTTP/1.1[0m" 400 -
2025-05-31 19:50:47,555 - INFO - 127.0.0.1 - - [31/May/2025 19:50:47] "[36mGET / HTTP/1.1[0m" 304 -
2025-05-31 19:50:47,589 - INFO - 127.0.0.1 - - [31/May/2025 19:50:47] "[36mGET /css/style.css HTTP/1.1[0m" 304 -
2025-05-31 19:50:47,816 - INFO - 127.0.0.1 - - [31/May/2025 19:50:47] "[36mGET /css/mobile.css HTTP/1.1[0m" 304 -
2025-05-31 19:50:48,126 - DEBUG - Запрос на получение списка отзывов
2025-05-31 19:50:48,127 - DEBUG - Подключение к базе данных: C:\Users\denis\Desktop\denis\database.db
2025-05-31 19:50:48,128 - DEBUG - Найдено отзывов: 3
2025-05-31 19:50:48,129 - ERROR - Ошибка при получении отзывов: _feedback_list.html
2025-05-31 19:50:48,131 - ERROR - Traceback: Traceback (most recent call last):
  File "C:\Users\denis\Desktop\denis\app.py", line 131, in get_feedbacks
    return render_template('_feedback_list.html', feedbacks=feedbacks)
  File "C:\Users\denis\AppData\Local\Programs\Python\Python313\Lib\site-packages\flask\templating.py", line 151, in render_template
    template = app.jinja_env.get_or_select_template(template_name_or_list)
  File "C:\Users\denis\AppData\Local\Programs\Python\Python313\Lib\site-packages\jinja2\environment.py", line 1087, in get_or_select_template
    return self.get_template(template_name_or_list, parent, globals)
           ~~~~~~~~~~~~~~~~~^^^^^^^^^^^^^^^^^^^^^^^^^^^^^^^^^^^^^^^^
  File "C:\Users\denis\AppData\Local\Programs\Python\Python313\Lib\site-packages\jinja2\environment.py", line 1016, in get_template
    return self._load_template(name, globals)
           ~~~~~~~~~~~~~~~~~~~^^^^^^^^^^^^^^^
  File "C:\Users\denis\AppData\Local\Programs\Python\Python313\Lib\site-packages\jinja2\environment.py", line 975, in _load_template
    template = self.loader.load(self, name, self.make_globals(globals))
  File "C:\Users\denis\AppData\Local\Programs\Python\Python313\Lib\site-packages\jinja2\loaders.py", line 126, in load
    source, filename, uptodate = self.get_source(environment, name)
                                 ~~~~~~~~~~~~~~~^^^^^^^^^^^^^^^^^^^
  File "C:\Users\denis\AppData\Local\Programs\Python\Python313\Lib\site-packages\flask\templating.py", line 65, in get_source
    return self._get_source_fast(environment, template)
           ~~~~~~~~~~~~~~~~~~~~~^^^^^^^^^^^^^^^^^^^^^^^
  File "C:\Users\denis\AppData\Local\Programs\Python\Python313\Lib\site-packages\flask\templating.py", line 99, in _get_source_fast
    raise TemplateNotFound(template)
jinja2.exceptions.TemplateNotFound: _feedback_list.html

2025-05-31 19:50:48,136 - INFO - 127.0.0.1 - - [31/May/2025 19:50:48] "[35m[1mGET /api/feedback HTTP/1.1[0m" 500 -
2025-05-31 19:51:25,789 - INFO - 127.0.0.1 - - [31/May/2025 19:51:25] "GET / HTTP/1.1" 200 -
2025-05-31 19:51:25,841 - INFO - 127.0.0.1 - - [31/May/2025 19:51:25] "GET /css/style.css HTTP/1.1" 200 -
2025-05-31 19:51:25,862 - INFO - 127.0.0.1 - - [31/May/2025 19:51:25] "GET /css/mobile.css HTTP/1.1" 200 -
2025-05-31 19:51:26,370 - DEBUG - Запрос на получение списка отзывов
2025-05-31 19:51:26,371 - DEBUG - Подключение к базе данных: C:\Users\denis\Desktop\denis\database.db
2025-05-31 19:51:26,373 - DEBUG - Найдено отзывов: 3
2025-05-31 19:51:26,374 - ERROR - Ошибка при получении отзывов: _feedback_list.html
2025-05-31 19:51:26,377 - ERROR - Traceback: Traceback (most recent call last):
  File "C:\Users\denis\Desktop\denis\app.py", line 131, in get_feedbacks
    return render_template('_feedback_list.html', feedbacks=feedbacks)
  File "C:\Users\denis\AppData\Local\Programs\Python\Python313\Lib\site-packages\flask\templating.py", line 151, in render_template
    template = app.jinja_env.get_or_select_template(template_name_or_list)
  File "C:\Users\denis\AppData\Local\Programs\Python\Python313\Lib\site-packages\jinja2\environment.py", line 1087, in get_or_select_template
    return self.get_template(template_name_or_list, parent, globals)
           ~~~~~~~~~~~~~~~~~^^^^^^^^^^^^^^^^^^^^^^^^^^^^^^^^^^^^^^^^
  File "C:\Users\denis\AppData\Local\Programs\Python\Python313\Lib\site-packages\jinja2\environment.py", line 1016, in get_template
    return self._load_template(name, globals)
           ~~~~~~~~~~~~~~~~~~~^^^^^^^^^^^^^^^
  File "C:\Users\denis\AppData\Local\Programs\Python\Python313\Lib\site-packages\jinja2\environment.py", line 975, in _load_template
    template = self.loader.load(self, name, self.make_globals(globals))
  File "C:\Users\denis\AppData\Local\Programs\Python\Python313\Lib\site-packages\jinja2\loaders.py", line 126, in load
    source, filename, uptodate = self.get_source(environment, name)
                                 ~~~~~~~~~~~~~~~^^^^^^^^^^^^^^^^^^^
  File "C:\Users\denis\AppData\Local\Programs\Python\Python313\Lib\site-packages\flask\templating.py", line 65, in get_source
    return self._get_source_fast(environment, template)
           ~~~~~~~~~~~~~~~~~~~~~^^^^^^^^^^^^^^^^^^^^^^^
  File "C:\Users\denis\AppData\Local\Programs\Python\Python313\Lib\site-packages\flask\templating.py", line 99, in _get_source_fast
    raise TemplateNotFound(template)
jinja2.exceptions.TemplateNotFound: _feedback_list.html

2025-05-31 19:51:26,382 - INFO - 127.0.0.1 - - [31/May/2025 19:51:26] "[35m[1mGET /api/feedback HTTP/1.1[0m" 500 -
2025-05-31 19:51:31,265 - INFO -  * Detected change in 'C:\\Users\\denis\\Desktop\\denis\\check_schema.py', reloading
2025-05-31 19:51:31,324 - INFO -  * Restarting with stat
2025-05-31 19:51:31,458 - INFO -  * Detected change in 'C:\\Users\\denis\\Desktop\\denis\\check_schema.py', reloading
2025-05-31 19:51:31,525 - INFO -  * Restarting with stat
2025-05-31 19:51:31,795 - INFO - Запуск Flask приложения
2025-05-31 19:51:31,828 - WARNING -  * Debugger is active!
2025-05-31 19:51:31,835 - INFO -  * Debugger PIN: 450-507-256
2025-05-31 19:51:31,963 - INFO - Запуск Flask приложения
2025-05-31 19:51:31,994 - WARNING -  * Debugger is active!
2025-05-31 19:51:31,999 - INFO -  * Debugger PIN: 450-507-256
2025-05-31 19:51:37,935 - DEBUG - Получены данные отзыва: {'name': 'Денис', 'email': 'denisdubrovin622@gmail.com', 'rating': 5, 'message': 'все класс'}
2025-05-31 19:51:37,936 - DEBUG - Подключение к базе данных: C:\Users\denis\Desktop\denis\database.db
2025-05-31 19:51:37,937 - DEBUG - Создание нового клиента с email: denisdubrovin622@gmail.com
2025-05-31 19:51:37,939 - DEBUG - Создан новый клиент с ID: 4
2025-05-31 19:51:37,940 - DEBUG - Добавление отзыва в базу данных
2025-05-31 19:51:37,944 - DEBUG - Создан новый отзыв с ID: 4
2025-05-31 19:51:37,945 - DEBUG - Получен отзыв для отображения: {'feedback_id': 4, 'customer_id': 4, 'service_id': None, 'rating': 5, 'message': 'все класс', 'created_at': '2025-05-31T19:51:37.940802', 'status': 'approved', 'is_anonymous': 0, 'customer_name': 'Денис'}
2025-05-31 19:51:37,946 - ERROR - Ошибка базы данных: _feedback_item.html
2025-05-31 19:51:37,949 - ERROR - Traceback: Traceback (most recent call last):
  File "C:\Users\denis\Desktop\denis\app.py", line 102, in submit_feedback
    return render_template('_feedback_item.html', feedback=feedback)
  File "C:\Users\denis\AppData\Local\Programs\Python\Python313\Lib\site-packages\flask\templating.py", line 151, in render_template
    template = app.jinja_env.get_or_select_template(template_name_or_list)
  File "C:\Users\denis\AppData\Local\Programs\Python\Python313\Lib\site-packages\jinja2\environment.py", line 1087, in get_or_select_template
    return self.get_template(template_name_or_list, parent, globals)
           ~~~~~~~~~~~~~~~~~^^^^^^^^^^^^^^^^^^^^^^^^^^^^^^^^^^^^^^^^
  File "C:\Users\denis\AppData\Local\Programs\Python\Python313\Lib\site-packages\jinja2\environment.py", line 1016, in get_template
    return self._load_template(name, globals)
           ~~~~~~~~~~~~~~~~~~~^^^^^^^^^^^^^^^
  File "C:\Users\denis\AppData\Local\Programs\Python\Python313\Lib\site-packages\jinja2\environment.py", line 975, in _load_template
    template = self.loader.load(self, name, self.make_globals(globals))
  File "C:\Users\denis\AppData\Local\Programs\Python\Python313\Lib\site-packages\jinja2\loaders.py", line 126, in load
    source, filename, uptodate = self.get_source(environment, name)
                                 ~~~~~~~~~~~~~~~^^^^^^^^^^^^^^^^^^^
  File "C:\Users\denis\AppData\Local\Programs\Python\Python313\Lib\site-packages\flask\templating.py", line 65, in get_source
    return self._get_source_fast(environment, template)
           ~~~~~~~~~~~~~~~~~~~~~^^^^^^^^^^^^^^^^^^^^^^^
  File "C:\Users\denis\AppData\Local\Programs\Python\Python313\Lib\site-packages\flask\templating.py", line 99, in _get_source_fast
    raise TemplateNotFound(template)
jinja2.exceptions.TemplateNotFound: _feedback_item.html

2025-05-31 19:51:37,954 - INFO - 127.0.0.1 - - [31/May/2025 19:51:37] "[31m[1mPOST /api/feedback HTTP/1.1[0m" 400 -
2025-05-31 19:53:00,551 - INFO -  * Detected change in 'C:\\Users\\denis\\Desktop\\denis\\app.py', reloading
2025-05-31 19:53:00,655 - INFO -  * Restarting with stat
2025-05-31 19:53:00,724 - INFO -  * Detected change in 'C:\\Users\\denis\\Desktop\\denis\\app.py', reloading
2025-05-31 19:53:00,794 - INFO -  * Restarting with stat
2025-05-31 19:53:01,085 - INFO - Запуск Flask приложения
2025-05-31 19:53:01,115 - WARNING -  * Debugger is active!
2025-05-31 19:53:01,120 - INFO -  * Debugger PIN: 450-507-256
2025-05-31 19:53:01,219 - INFO - Запуск Flask приложения
2025-05-31 19:53:01,249 - WARNING -  * Debugger is active!
2025-05-31 19:53:01,254 - INFO -  * Debugger PIN: 450-507-256
2025-05-31 19:53:48,743 - INFO - Запуск Flask приложения
2025-05-31 19:53:48,796 - INFO - [31m[1mWARNING: This is a development server. Do not use it in a production deployment. Use a production WSGI server instead.[0m
 * Running on http://127.0.0.1:5000
2025-05-31 19:53:48,797 - INFO - [33mPress CTRL+C to quit[0m
2025-05-31 19:53:48,799 - INFO -  * Restarting with stat
2025-05-31 19:53:49,234 - INFO - Запуск Flask приложения
2025-05-31 19:53:49,271 - WARNING -  * Debugger is active!
2025-05-31 19:53:49,276 - INFO -  * Debugger PIN: 450-507-256
2025-05-31 19:55:01,896 - INFO - 127.0.0.1 - - [31/May/2025 19:55:01] "[36mGET / HTTP/1.1[0m" 304 -
2025-05-31 19:55:01,955 - INFO - 127.0.0.1 - - [31/May/2025 19:55:01] "[36mGET /css/style.css HTTP/1.1[0m" 304 -
2025-05-31 19:55:01,958 - INFO - 127.0.0.1 - - [31/May/2025 19:55:01] "[36mGET /css/mobile.css HTTP/1.1[0m" 304 -
2025-05-31 19:55:01,976 - DEBUG - Запрос на получение списка отзывов
2025-05-31 19:55:01,977 - DEBUG - Подключение к базе данных: C:\Users\denis\Desktop\denis\database.db
2025-05-31 19:55:01,979 - DEBUG - Найдено отзывов: 4
2025-05-31 19:55:01,980 - ERROR - Ошибка при получении отзывов: _feedback_list.html
2025-05-31 19:55:01,986 - ERROR - Traceback: Traceback (most recent call last):
  File "C:\Users\denis\Desktop\denis\app.py", line 138, in get_feedbacks
    return render_template('_feedback_list.html', feedbacks=feedbacks)
  File "C:\Users\denis\AppData\Local\Programs\Python\Python313\Lib\site-packages\flask\templating.py", line 151, in render_template
    template = app.jinja_env.get_or_select_template(template_name_or_list)
  File "C:\Users\denis\AppData\Local\Programs\Python\Python313\Lib\site-packages\jinja2\environment.py", line 1087, in get_or_select_template
    return self.get_template(template_name_or_list, parent, globals)
           ~~~~~~~~~~~~~~~~~^^^^^^^^^^^^^^^^^^^^^^^^^^^^^^^^^^^^^^^^
  File "C:\Users\denis\AppData\Local\Programs\Python\Python313\Lib\site-packages\jinja2\environment.py", line 1016, in get_template
    return self._load_template(name, globals)
           ~~~~~~~~~~~~~~~~~~~^^^^^^^^^^^^^^^
  File "C:\Users\denis\AppData\Local\Programs\Python\Python313\Lib\site-packages\jinja2\environment.py", line 975, in _load_template
    template = self.loader.load(self, name, self.make_globals(globals))
  File "C:\Users\denis\AppData\Local\Programs\Python\Python313\Lib\site-packages\jinja2\loaders.py", line 126, in load
    source, filename, uptodate = self.get_source(environment, name)
                                 ~~~~~~~~~~~~~~~^^^^^^^^^^^^^^^^^^^
  File "C:\Users\denis\AppData\Local\Programs\Python\Python313\Lib\site-packages\flask\templating.py", line 65, in get_source
    return self._get_source_fast(environment, template)
           ~~~~~~~~~~~~~~~~~~~~~^^^^^^^^^^^^^^^^^^^^^^^
  File "C:\Users\denis\AppData\Local\Programs\Python\Python313\Lib\site-packages\flask\templating.py", line 99, in _get_source_fast
    raise TemplateNotFound(template)
jinja2.exceptions.TemplateNotFound: _feedback_list.html

2025-05-31 19:55:01,991 - INFO - 127.0.0.1 - - [31/May/2025 19:55:01] "[35m[1mGET /api/feedback HTTP/1.1[0m" 500 -
2025-05-31 19:55:55,047 - INFO -  * Detected change in 'C:\\Users\\denis\\Desktop\\denis\\create_db.py', reloading
2025-05-31 19:55:55,088 - INFO -  * Restarting with stat
2025-05-31 19:55:55,375 - INFO -  * Detected change in 'C:\\Users\\denis\\Desktop\\denis\\create_db.py', reloading
2025-05-31 19:55:55,446 - INFO -  * Restarting with stat
2025-05-31 19:55:55,522 - INFO - Запуск Flask приложения
2025-05-31 19:55:55,555 - WARNING -  * Debugger is active!
2025-05-31 19:55:55,563 - INFO -  * Debugger PIN: 450-507-256
2025-05-31 19:55:55,580 - INFO -  * Detected change in 'C:\\Users\\denis\\Desktop\\denis\\create_db.py', reloading
2025-05-31 19:55:55,663 - INFO -  * Restarting with stat
2025-05-31 19:55:55,880 - INFO - Запуск Flask приложения
2025-05-31 19:55:55,913 - WARNING -  * Debugger is active!
2025-05-31 19:55:55,919 - INFO -  * Debugger PIN: 450-507-256
2025-05-31 19:55:56,064 - INFO - Запуск Flask приложения
2025-05-31 19:55:56,093 - WARNING -  * Debugger is active!
2025-05-31 19:55:56,098 - INFO -  * Debugger PIN: 450-507-256
2025-05-31 19:56:37,920 - INFO - Запуск Flask приложения
2025-05-31 19:56:37,972 - INFO - [31m[1mWARNING: This is a development server. Do not use it in a production deployment. Use a production WSGI server instead.[0m
 * Running on http://127.0.0.1:5000
2025-05-31 19:56:37,973 - INFO - [33mPress CTRL+C to quit[0m
2025-05-31 19:56:37,975 - INFO -  * Restarting with stat
2025-05-31 19:56:38,436 - INFO - Запуск Flask приложения
2025-05-31 19:56:38,471 - WARNING -  * Debugger is active!
2025-05-31 19:56:38,477 - INFO -  * Debugger PIN: 450-507-256
2025-05-31 19:56:55,999 - INFO - 127.0.0.1 - - [31/May/2025 19:56:55] "[36mGET / HTTP/1.1[0m" 304 -
2025-05-31 19:56:56,060 - INFO - 127.0.0.1 - - [31/May/2025 19:56:56] "[36mGET /css/style.css HTTP/1.1[0m" 304 -
2025-05-31 19:56:56,070 - INFO - 127.0.0.1 - - [31/May/2025 19:56:56] "[36mGET /css/mobile.css HTTP/1.1[0m" 304 -
2025-05-31 19:56:56,126 - DEBUG - Запрос на получение списка отзывов
2025-05-31 19:56:56,126 - DEBUG - Подключение к базе данных: C:\Users\denis\Desktop\denis\database.db
2025-05-31 19:56:56,128 - DEBUG - Найдено отзывов: 4
2025-05-31 19:56:56,129 - ERROR - Ошибка при получении отзывов: _feedback_list.html
2025-05-31 19:56:56,137 - ERROR - Traceback: Traceback (most recent call last):
  File "C:\Users\denis\Desktop\denis\app.py", line 138, in get_feedbacks
    return render_template('_feedback_list.html', feedbacks=feedbacks)
  File "C:\Users\denis\AppData\Local\Programs\Python\Python313\Lib\site-packages\flask\templating.py", line 151, in render_template
    template = app.jinja_env.get_or_select_template(template_name_or_list)
  File "C:\Users\denis\AppData\Local\Programs\Python\Python313\Lib\site-packages\jinja2\environment.py", line 1087, in get_or_select_template
    return self.get_template(template_name_or_list, parent, globals)
           ~~~~~~~~~~~~~~~~~^^^^^^^^^^^^^^^^^^^^^^^^^^^^^^^^^^^^^^^^
  File "C:\Users\denis\AppData\Local\Programs\Python\Python313\Lib\site-packages\jinja2\environment.py", line 1016, in get_template
    return self._load_template(name, globals)
           ~~~~~~~~~~~~~~~~~~~^^^^^^^^^^^^^^^
  File "C:\Users\denis\AppData\Local\Programs\Python\Python313\Lib\site-packages\jinja2\environment.py", line 975, in _load_template
    template = self.loader.load(self, name, self.make_globals(globals))
  File "C:\Users\denis\AppData\Local\Programs\Python\Python313\Lib\site-packages\jinja2\loaders.py", line 126, in load
    source, filename, uptodate = self.get_source(environment, name)
                                 ~~~~~~~~~~~~~~~^^^^^^^^^^^^^^^^^^^
  File "C:\Users\denis\AppData\Local\Programs\Python\Python313\Lib\site-packages\flask\templating.py", line 65, in get_source
    return self._get_source_fast(environment, template)
           ~~~~~~~~~~~~~~~~~~~~~^^^^^^^^^^^^^^^^^^^^^^^
  File "C:\Users\denis\AppData\Local\Programs\Python\Python313\Lib\site-packages\flask\templating.py", line 99, in _get_source_fast
    raise TemplateNotFound(template)
jinja2.exceptions.TemplateNotFound: _feedback_list.html

2025-05-31 19:56:56,143 - INFO - 127.0.0.1 - - [31/May/2025 19:56:56] "[35m[1mGET /api/feedback HTTP/1.1[0m" 500 -
2025-05-31 19:59:04,468 - INFO -  * Detected change in 'C:\\Users\\denis\\Desktop\\denis\\check_sqlite.py', reloading
2025-05-31 19:59:04,469 - INFO -  * Detected change in 'C:\\Users\\denis\\Desktop\\denis\\check_sqlite.py', reloading
2025-05-31 19:59:04,539 - INFO -  * Restarting with stat
2025-05-31 19:59:04,539 - INFO -  * Restarting with stat
2025-05-31 19:59:05,023 - INFO - Запуск Flask приложения
2025-05-31 19:59:05,023 - INFO - Запуск Flask приложения
2025-05-31 19:59:05,057 - WARNING -  * Debugger is active!
2025-05-31 19:59:05,059 - WARNING -  * Debugger is active!
2025-05-31 19:59:05,064 - INFO -  * Debugger PIN: 450-507-256
2025-05-31 19:59:05,064 - INFO -  * Debugger PIN: 450-507-256
2025-05-31 19:59:42,493 - INFO -  * Detected change in 'C:\\Users\\denis\\Desktop\\denis\\app.py', reloading
2025-05-31 19:59:42,496 - INFO -  * Detected change in 'C:\\Users\\denis\\Desktop\\denis\\app.py', reloading
2025-05-31 19:59:42,559 - INFO -  * Restarting with stat
2025-05-31 19:59:42,577 - INFO -  * Restarting with stat
2025-05-31 19:59:42,982 - INFO - Запуск Flask приложения
2025-05-31 19:59:42,994 - INFO - Запуск Flask приложения
2025-05-31 19:59:43,014 - WARNING -  * Debugger is active!
2025-05-31 19:59:43,020 - INFO -  * Debugger PIN: 450-507-256
2025-05-31 19:59:43,027 - WARNING -  * Debugger is active!
2025-05-31 19:59:43,032 - INFO -  * Debugger PIN: 450-507-256
2025-05-31 19:59:57,565 - INFO -  * Detected change in 'C:\\Users\\denis\\Desktop\\denis\\create_db.py', reloading
2025-05-31 19:59:57,569 - INFO -  * Detected change in 'C:\\Users\\denis\\Desktop\\denis\\create_db.py', reloading
2025-05-31 19:59:57,647 - INFO -  * Restarting with stat
2025-05-31 19:59:58,081 - INFO - Запуск Flask приложения
2025-05-31 19:59:58,083 - INFO - Запуск Flask приложения
2025-05-31 19:59:58,115 - WARNING -  * Debugger is active!
2025-05-31 19:59:58,117 - WARNING -  * Debugger is active!
2025-05-31 19:59:58,121 - INFO -  * Debugger PIN: 450-507-256
2025-05-31 19:59:58,123 - INFO -  * Debugger PIN: 450-507-256
2025-05-31 20:00:28,377 - INFO - Запуск Flask приложения
2025-05-31 20:00:28,426 - INFO - [31m[1mWARNING: This is a development server. Do not use it in a production deployment. Use a production WSGI server instead.[0m
 * Running on http://127.0.0.1:5000
2025-05-31 20:00:28,427 - INFO - [33mPress CTRL+C to quit[0m
2025-05-31 20:00:28,429 - INFO -  * Restarting with stat
2025-05-31 20:00:28,874 - INFO - Запуск Flask приложения
2025-05-31 20:00:28,915 - WARNING -  * Debugger is active!
2025-05-31 20:00:28,920 - INFO -  * Debugger PIN: 450-507-256
2025-05-31 20:00:42,855 - INFO - 127.0.0.1 - - [31/May/2025 20:00:42] "[36mGET / HTTP/1.1[0m" 304 -
2025-05-31 20:00:42,884 - INFO - 127.0.0.1 - - [31/May/2025 20:00:42] "[36mGET /css/style.css HTTP/1.1[0m" 304 -
2025-05-31 20:00:42,893 - INFO - 127.0.0.1 - - [31/May/2025 20:00:42] "[36mGET /css/mobile.css HTTP/1.1[0m" 304 -
2025-05-31 20:00:42,926 - DEBUG - Запрос на получение списка отзывов
2025-05-31 20:00:42,926 - DEBUG - Подключение к базе данных: C:\Users\denis\Desktop\denis\database.sqlite
2025-05-31 20:00:42,927 - DEBUG - Найдено отзывов: 0
2025-05-31 20:00:42,928 - ERROR - Ошибка при получении отзывов: _feedback_list.html
2025-05-31 20:00:42,932 - ERROR - Traceback: Traceback (most recent call last):
  File "C:\Users\denis\Desktop\denis\app.py", line 138, in get_feedbacks
    return render_template('_feedback_list.html', feedbacks=feedbacks)
  File "C:\Users\denis\AppData\Local\Programs\Python\Python313\Lib\site-packages\flask\templating.py", line 151, in render_template
    template = app.jinja_env.get_or_select_template(template_name_or_list)
  File "C:\Users\denis\AppData\Local\Programs\Python\Python313\Lib\site-packages\jinja2\environment.py", line 1087, in get_or_select_template
    return self.get_template(template_name_or_list, parent, globals)
           ~~~~~~~~~~~~~~~~~^^^^^^^^^^^^^^^^^^^^^^^^^^^^^^^^^^^^^^^^
  File "C:\Users\denis\AppData\Local\Programs\Python\Python313\Lib\site-packages\jinja2\environment.py", line 1016, in get_template
    return self._load_template(name, globals)
           ~~~~~~~~~~~~~~~~~~~^^^^^^^^^^^^^^^
  File "C:\Users\denis\AppData\Local\Programs\Python\Python313\Lib\site-packages\jinja2\environment.py", line 975, in _load_template
    template = self.loader.load(self, name, self.make_globals(globals))
  File "C:\Users\denis\AppData\Local\Programs\Python\Python313\Lib\site-packages\jinja2\loaders.py", line 126, in load
    source, filename, uptodate = self.get_source(environment, name)
                                 ~~~~~~~~~~~~~~~^^^^^^^^^^^^^^^^^^^
  File "C:\Users\denis\AppData\Local\Programs\Python\Python313\Lib\site-packages\flask\templating.py", line 65, in get_source
    return self._get_source_fast(environment, template)
           ~~~~~~~~~~~~~~~~~~~~~^^^^^^^^^^^^^^^^^^^^^^^
  File "C:\Users\denis\AppData\Local\Programs\Python\Python313\Lib\site-packages\flask\templating.py", line 99, in _get_source_fast
    raise TemplateNotFound(template)
jinja2.exceptions.TemplateNotFound: _feedback_list.html

2025-05-31 20:00:42,935 - INFO - 127.0.0.1 - - [31/May/2025 20:00:42] "[35m[1mGET /api/feedback HTTP/1.1[0m" 500 -
2025-05-31 20:04:15,877 - INFO - Запуск Flask приложения
2025-05-31 20:04:15,929 - INFO - [31m[1mWARNING: This is a development server. Do not use it in a production deployment. Use a production WSGI server instead.[0m
 * Running on http://127.0.0.1:5000
2025-05-31 20:04:15,930 - INFO - [33mPress CTRL+C to quit[0m
2025-05-31 20:04:15,932 - INFO -  * Restarting with stat
2025-05-31 20:04:16,418 - INFO - Запуск Flask приложения
2025-05-31 20:04:16,456 - WARNING -  * Debugger is active!
2025-05-31 20:04:16,462 - INFO -  * Debugger PIN: 450-507-256
